<?xml version="1.0" encoding="UTF-8"?>
<testng-results ignored="0" total="1" passed="1" failed="0" skipped="0">
  <reporter-output>
  </reporter-output>
  <suite started-at="2023-09-30T12:52:58 IST" name="Default suite" finished-at="2023-09-30T13:09:13 IST" duration-ms="975140">
    <groups>
    </groups>
    <test started-at="2023-09-30T12:52:58 IST" name="Default test" finished-at="2023-09-30T13:09:13 IST" duration-ms="975140">
      <class name="Calling_Page.CallingAllMethods">
        <test-method is-config="true" signature="LaunchBrowser()[pri:0, instance:Calling_Page.CallingAllMethods@6bbe85a8]" started-at="2023-09-30T12:52:58 IST" name="LaunchBrowser" finished-at="2023-09-30T12:53:56 IST" duration-ms="57405" status="PASS">
          <reporter-output>
          </reporter-output>
        </test-method> <!-- LaunchBrowser -->
        <test-method signature="callingMethods()[pri:0, instance:Calling_Page.CallingAllMethods@6bbe85a8]" started-at="2023-09-30T12:53:56 IST" name="callingMethods" finished-at="2023-09-30T13:09:13 IST" duration-ms="917579" status="PASS">
          <reporter-output>
          </reporter-output>
        </test-method> <!-- callingMethods -->
      </class> <!-- Calling_Page.CallingAllMethods -->
    </test> <!-- Default test -->
  </suite> <!-- Default suite -->
</testng-results>
